        -:    0:Source:dominion.c
        -:    0:Graph:dominion.gcno
        -:    0:Data:dominion.gcda
        -:    0:Runs:3
        -:    0:Programs:3
        -:    1:#include "dominion.h"
        -:    2:#include "dominion_helpers.h"
        -:    3:#include "rngs.h"
        -:    4:#include <stdio.h>
        -:    5:#include <math.h>
        -:    6:#include <stdlib.h>
        -:    7:
function compare called 96 returned 100% blocks executed 100%
       96:    8:int compare(const void* a, const void* b) {
       96:    9:  if (*(int*)a > *(int*)b)
branch  0 taken 1% (fallthrough)
branch  1 taken 99%
        1:   10:    return 1;
       95:   11:  if (*(int*)a < *(int*)b)
branch  0 taken 26% (fallthrough)
branch  1 taken 74%
       25:   12:    return -1;
       70:   13:  return 0;
        -:   14:}
        -:   15:
function newGame called 0 returned 0% blocks executed 0%
    #####:   16:struct gameState* newGame() {
    #####:   17:  struct gameState* g = malloc(sizeof(struct gameState));
    #####:   18:  return g;
        -:   19:}
        -:   20:
function kingdomCards called 0 returned 0% blocks executed 0%
    #####:   21:int* kingdomCards(int k1, int k2, int k3, int k4, int k5, int k6, int k7,
        -:   22:		  int k8, int k9, int k10) {
    #####:   23:  int* k = malloc(10 * sizeof(int));
    #####:   24:  k[0] = k1;
    #####:   25:  k[1] = k2;
    #####:   26:  k[2] = k3;
    #####:   27:  k[3] = k4;
    #####:   28:  k[4] = k5;
    #####:   29:  k[5] = k6;
    #####:   30:  k[6] = k7;
    #####:   31:  k[7] = k8;
    #####:   32:  k[8] = k9;
    #####:   33:  k[9] = k10;
    #####:   34:  return k;
        -:   35:}
        -:   36:
function initializeGame called 3 returned 100% blocks executed 83%
        3:   37:int initializeGame(int numPlayers, int kingdomCards[10], int randomSeed,
        -:   38:		   struct gameState *state) {
        -:   39:
        -:   40:  int i;
        -:   41:  int j;
        -:   42:  int it;			
        -:   43:  //set up random number generator
        3:   44:  SelectStream(1);
call    0 returned 100%
        3:   45:  PutSeed((long)randomSeed);
call    0 returned 100%
        -:   46:  
        -:   47:  //check number of players
        3:   48:  if (numPlayers > MAX_PLAYERS || numPlayers < 2)
branch  0 taken 100% (fallthrough)
branch  1 taken 0%
branch  2 taken 0% (fallthrough)
branch  3 taken 100%
        -:   49:    {
    #####:   50:      return -1;
        -:   51:    }
        -:   52:
        -:   53:  //set number of players
        3:   54:  state->numPlayers = numPlayers;
        -:   55:
        -:   56:  //check selected kingdom cards are different
       33:   57:  for (i = 0; i < 10; i++)
branch  0 taken 91%
branch  1 taken 9% (fallthrough)
        -:   58:    {
      330:   59:      for (j = 0; j < 10; j++)
branch  0 taken 91%
branch  1 taken 9% (fallthrough)
        -:   60:        {
      300:   61:	  if (j != i && kingdomCards[j] == kingdomCards[i])
branch  0 taken 90% (fallthrough)
branch  1 taken 10%
branch  2 taken 0% (fallthrough)
branch  3 taken 100%
        -:   62:	    {
    #####:   63:	      return -1;
        -:   64:	    }
        -:   65:        }
        -:   66:    }
        -:   67:
        -:   68:
        -:   69:  //initialize supply
        -:   70:  ///////////////////////////////
        -:   71:
        -:   72:  //set number of Curse cards
        3:   73:  if (numPlayers == 2)
branch  0 taken 100% (fallthrough)
branch  1 taken 0%
        -:   74:    {
        3:   75:      state->supplyCount[curse] = 10;
        -:   76:    }
    #####:   77:  else if (numPlayers == 3)
branch  0 never executed
branch  1 never executed
        -:   78:    {
    #####:   79:      state->supplyCount[curse] = 20;
        -:   80:    }
        -:   81:  else
        -:   82:    {
    #####:   83:      state->supplyCount[curse] = 30;
        -:   84:    }
        -:   85:
        -:   86:  //set number of Victory cards
        3:   87:  if (numPlayers == 2)
branch  0 taken 100% (fallthrough)
branch  1 taken 0%
        -:   88:    {
        3:   89:      state->supplyCount[estate] = 8;
        3:   90:      state->supplyCount[duchy] = 8;
        3:   91:      state->supplyCount[province] = 8;
        -:   92:    }
        -:   93:  else
        -:   94:    {
    #####:   95:      state->supplyCount[estate] = 12;
    #####:   96:      state->supplyCount[duchy] = 12;
    #####:   97:      state->supplyCount[province] = 12;
        -:   98:    }
        -:   99:
        -:  100:  //set number of Treasure cards
        3:  101:  state->supplyCount[copper] = 60 - (7 * numPlayers);
        3:  102:  state->supplyCount[silver] = 40;
        3:  103:  state->supplyCount[gold] = 30;
        -:  104:
        -:  105:  //set number of Kingdom cards
       63:  106:  for (i = adventurer; i <= treasure_map; i++)       	//loop all cards
branch  0 taken 95%
branch  1 taken 5% (fallthrough)
        -:  107:    {
      495:  108:      for (j = 0; j < 10; j++)           		//loop chosen cards
branch  0 taken 94%
branch  1 taken 6% (fallthrough)
        -:  109:	{
      465:  110:	  if (kingdomCards[j] == i)
branch  0 taken 6% (fallthrough)
branch  1 taken 94%
        -:  111:	    {
        -:  112:	      //check if card is a 'Victory' Kingdom card
       30:  113:	      if (kingdomCards[j] == great_hall || kingdomCards[j] == gardens)
branch  0 taken 100% (fallthrough)
branch  1 taken 0%
branch  2 taken 0% (fallthrough)
branch  3 taken 100%
        -:  114:		{
    #####:  115:		  if (numPlayers == 2){ 
branch  0 never executed
branch  1 never executed
    #####:  116:		    state->supplyCount[i] = 8; 
        -:  117:		  }
    #####:  118:		  else{ state->supplyCount[i] = 12; }
        -:  119:		}
        -:  120:	      else
        -:  121:		{
       30:  122:		  state->supplyCount[i] = 10;
        -:  123:		}
       30:  124:	      break;
        -:  125:	    }
        -:  126:	  else    //card is not in the set choosen for the game
        -:  127:	    {
      435:  128:	      state->supplyCount[i] = -1;
        -:  129:	    }
        -:  130:	}
        -:  131:
        -:  132:    }
        -:  133:
        -:  134:  ////////////////////////
        -:  135:  //supply intilization complete
        -:  136:
        -:  137:  //set player decks
        9:  138:  for (i = 0; i < numPlayers; i++)
branch  0 taken 67%
branch  1 taken 33% (fallthrough)
        -:  139:    {
        6:  140:      state->deckCount[i] = 0;
       24:  141:      for (j = 0; j < 3; j++)
branch  0 taken 75%
branch  1 taken 25% (fallthrough)
        -:  142:	{
       18:  143:	  state->deck[i][j] = estate;
       18:  144:	  state->deckCount[i]++;
        -:  145:	}
       48:  146:      for (j = 3; j < 10; j++)
branch  0 taken 88%
branch  1 taken 13% (fallthrough)
        -:  147:	{
       42:  148:	  state->deck[i][j] = copper;
       42:  149:	  state->deckCount[i]++;		
        -:  150:	}
        -:  151:    }
        -:  152:
        -:  153:  //shuffle player decks
        9:  154:  for (i = 0; i < numPlayers; i++)
branch  0 taken 67%
branch  1 taken 33% (fallthrough)
        -:  155:    {
        6:  156:      if ( shuffle(i, state) < 0 )
call    0 returned 100%
branch  1 taken 0% (fallthrough)
branch  2 taken 100%
        -:  157:	{
    #####:  158:	  return -1;
        -:  159:	}
        -:  160:    }
        -:  161:
        -:  162:  //draw player hands
        9:  163:  for (i = 0; i < numPlayers; i++)
branch  0 taken 67%
branch  1 taken 33% (fallthrough)
        -:  164:    {  
        -:  165:      //initialize hand size to zero
        6:  166:      state->handCount[i] = 0;
        6:  167:      state->discardCount[i] = 0;
        -:  168:      //draw 5 cards
        -:  169:      // for (j = 0; j < 5; j++)
        -:  170:      //	{
        -:  171:      //	  drawCard(i, state);
        -:  172:      //	}
        -:  173:    }
        -:  174:  
        -:  175:  //set embargo tokens to 0 for all supply piles
       84:  176:  for (i = 0; i <= treasure_map; i++)
branch  0 taken 96%
branch  1 taken 4% (fallthrough)
        -:  177:    {
       81:  178:      state->embargoTokens[i] = 0;
        -:  179:    }
        -:  180:
        -:  181:  //initialize first player's turn
        3:  182:  state->outpostPlayed = 0;
        3:  183:  state->phase = 0;
        3:  184:  state->numActions = 1;
        3:  185:  state->numBuys = 1;
        3:  186:  state->playedCardCount = 0;
        3:  187:  state->whoseTurn = 0;
        3:  188:  state->handCount[state->whoseTurn] = 0;
        -:  189:  //int it; move to top
        -:  190:
        -:  191:  //Moved draw cards to here, only drawing at the start of a turn
       18:  192:  for (it = 0; it < 5; it++){
branch  0 taken 83%
branch  1 taken 17% (fallthrough)
       15:  193:    drawCard(state->whoseTurn, state);
call    0 returned 100%
        -:  194:  }
        -:  195:
        3:  196:  updateCoins(state->whoseTurn, state, 0);
call    0 returned 100%
        -:  197:
        3:  198:  return 0;
        -:  199:}
        -:  200:
function shuffle called 7 returned 100% blocks executed 94%
        7:  201:int shuffle(int player, struct gameState *state) {
        -:  202: 
        -:  203:
        -:  204:  int newDeck[MAX_DECK];
        7:  205:  int newDeckPos = 0;
        -:  206:  int card;
        -:  207:  int i;
        -:  208:
        7:  209:  if (state->deckCount[player] < 1)
branch  0 taken 0% (fallthrough)
branch  1 taken 100%
    #####:  210:    return -1;
        7:  211:  qsort ((void*)(state->deck[player]), state->deckCount[player], sizeof(int), compare); 
call    0 returned 100%
        -:  212:  /* SORT CARDS IN DECK TO ENSURE DETERMINISM! */
        -:  213:
       79:  214:  while (state->deckCount[player] > 0) {
branch  0 taken 90%
branch  1 taken 10% (fallthrough)
       65:  215:    card = floor(Random() * state->deckCount[player]);
call    0 returned 100%
       65:  216:    newDeck[newDeckPos] = state->deck[player][card];
       65:  217:    newDeckPos++;
      223:  218:    for (i = card; i < state->deckCount[player]-1; i++) {
branch  0 taken 71%
branch  1 taken 29% (fallthrough)
      158:  219:      state->deck[player][i] = state->deck[player][i+1];
        -:  220:    }
       65:  221:    state->deckCount[player]--;
        -:  222:  }
       72:  223:  for (i = 0; i < newDeckPos; i++) {
branch  0 taken 90%
branch  1 taken 10% (fallthrough)
       65:  224:    state->deck[player][i] = newDeck[i];
       65:  225:    state->deckCount[player]++;
        -:  226:  }
        -:  227:
        7:  228:  return 0;
        -:  229:}
        -:  230:
function playCard called 0 returned 0% blocks executed 0%
    #####:  231:int playCard(int handPos, int choice1, int choice2, int choice3, struct gameState *state) 
        -:  232:{	
        -:  233:  int card;
    #####:  234:  int coin_bonus = 0; 		//tracks coins gain from actions
        -:  235:
        -:  236:  //check if it is the right phase
    #####:  237:  if (state->phase != 0)
branch  0 never executed
branch  1 never executed
        -:  238:    {
    #####:  239:      return -1;
        -:  240:    }
        -:  241:	
        -:  242:  //check if player has enough actions
    #####:  243:  if ( state->numActions < 1 )
branch  0 never executed
branch  1 never executed
        -:  244:    {
    #####:  245:      return -1;
        -:  246:    }
        -:  247:	
        -:  248:  //get card played
    #####:  249:  card = handCard(handPos, state);
call    0 never executed
        -:  250:	
        -:  251:  //check if selected card is an action
    #####:  252:  if ( card < adventurer || card > treasure_map )
branch  0 never executed
branch  1 never executed
branch  2 never executed
branch  3 never executed
        -:  253:    {
    #####:  254:      return -1;
        -:  255:    }
        -:  256:	
        -:  257:  //play card
    #####:  258:  if ( cardEffect(card, choice1, choice2, choice3, state, handPos, &coin_bonus) < 0 )
call    0 never executed
branch  1 never executed
branch  2 never executed
        -:  259:    {
    #####:  260:      return -1;
        -:  261:    }
        -:  262:	
        -:  263:  //reduce number of actions
    #####:  264:  state->numActions--;
        -:  265:
        -:  266:  //update coins (Treasure cards may be added with card draws)
    #####:  267:  updateCoins(state->whoseTurn, state, coin_bonus);
call    0 never executed
        -:  268:	
    #####:  269:  return 0;
        -:  270:}
        -:  271:
function buyCard called 0 returned 0% blocks executed 0%
    #####:  272:int buyCard(int supplyPos, struct gameState *state) {
        -:  273:  int who;
        -:  274:  if (DEBUG){
        -:  275:    printf("Entering buyCard...\n");
        -:  276:  }
        -:  277:
        -:  278:  // I don't know what to do about the phase thing.
        -:  279:
    #####:  280:  who = state->whoseTurn;
        -:  281:
    #####:  282:  if (state->numBuys < 1){
branch  0 never executed
branch  1 never executed
        -:  283:    if (DEBUG)
        -:  284:      printf("You do not have any buys left\n");
    #####:  285:    return -1;
    #####:  286:  } else if (supplyCount(supplyPos, state) <1){
call    0 never executed
branch  1 never executed
branch  2 never executed
        -:  287:    if (DEBUG)
        -:  288:      printf("There are not any of that type of card left\n");
    #####:  289:    return -1;
    #####:  290:  } else if (state->coins < getCost(supplyPos)){
call    0 never executed
branch  1 never executed
branch  2 never executed
        -:  291:    if (DEBUG) 
        -:  292:      printf("You do not have enough money to buy that. You have %d coins.\n", state->coins);
    #####:  293:    return -1;
        -:  294:  } else {
    #####:  295:    state->phase=1;
        -:  296:    //state->supplyCount[supplyPos]--;
    #####:  297:    gainCard(supplyPos, state, 0, who); //card goes in discard, this might be wrong.. (2 means goes into hand, 0 goes into discard)
call    0 never executed
        -:  298:  
    #####:  299:    state->coins = (state->coins) - (getCost(supplyPos));
call    0 never executed
    #####:  300:    state->numBuys--;
        -:  301:    if (DEBUG)
        -:  302:      printf("You bought card number %d for %d coins. You now have %d buys and %d coins.\n", supplyPos, getCost(supplyPos), state->numBuys, state->coins);
        -:  303:  }
        -:  304:
        -:  305:  //state->discard[who][state->discardCount[who]] = supplyPos;
        -:  306:  //state->discardCount[who]++;
        -:  307:    
    #####:  308:  return 0;
        -:  309:}
        -:  310:
function numHandCards called 60 returned 100% blocks executed 100%
       60:  311:int numHandCards(struct gameState *state) {
       60:  312:  return state->handCount[ whoseTurn(state) ];
call    0 returned 100%
        -:  313:}
        -:  314:
function handCard called 0 returned 0% blocks executed 0%
    #####:  315:int handCard(int handPos, struct gameState *state) {
    #####:  316:  int currentPlayer = whoseTurn(state);
call    0 never executed
    #####:  317:  return state->hand[currentPlayer][handPos];
        -:  318:}
        -:  319:
function supplyCount called 0 returned 0% blocks executed 0%
    #####:  320:int supplyCount(int card, struct gameState *state) {
    #####:  321:  return state->supplyCount[card];
        -:  322:}
        -:  323:
function fullDeckCount called 0 returned 0% blocks executed 0%
    #####:  324:int fullDeckCount(int player, int card, struct gameState *state) {
        -:  325:  int i;
    #####:  326:  int count = 0;
        -:  327:
    #####:  328:  for (i = 0; i < state->deckCount[player]; i++)
branch  0 never executed
branch  1 never executed
        -:  329:    {
    #####:  330:      if (state->deck[player][i] == card) count++;
branch  0 never executed
branch  1 never executed
        -:  331:    }
        -:  332:
    #####:  333:  for (i = 0; i < state->handCount[player]; i++)
branch  0 never executed
branch  1 never executed
        -:  334:    {
    #####:  335:      if (state->hand[player][i] == card) count++;
branch  0 never executed
branch  1 never executed
        -:  336:    }
        -:  337:
    #####:  338:  for (i = 0; i < state->discardCount[player]; i++)
branch  0 never executed
branch  1 never executed
        -:  339:    {
    #####:  340:      if (state->discard[player][i] == card) count++;
branch  0 never executed
branch  1 never executed
        -:  341:    }
        -:  342:
    #####:  343:  return count;
        -:  344:}
        -:  345:
function whoseTurn called 78 returned 100% blocks executed 100%
       78:  346:int whoseTurn(struct gameState *state) {
       78:  347:  return state->whoseTurn;
        -:  348:}
        -:  349:
function endTurn called 6 returned 100% blocks executed 100%
        6:  350:int endTurn(struct gameState *state) {
        -:  351:  int k;
        -:  352:  int i;
        6:  353:  int currentPlayer = whoseTurn(state);
call    0 returned 100%
        -:  354:  
        -:  355:  //Discard hand
       36:  356:  for (i = 0; i < state->handCount[currentPlayer]; i++){
branch  0 taken 83%
branch  1 taken 17% (fallthrough)
       30:  357:    state->discard[currentPlayer][state->discardCount[currentPlayer]++] = state->hand[currentPlayer][i];//Discard
       30:  358:    state->hand[currentPlayer][i] = -1;//Set card to -1
        -:  359:  }
        6:  360:  state->handCount[currentPlayer] = 0;//Reset hand count
        -:  361:    
        -:  362:  //Code for determining the player
        6:  363:  if (currentPlayer < (state->numPlayers - 1)){ 
branch  0 taken 67% (fallthrough)
branch  1 taken 33%
        4:  364:    state->whoseTurn = currentPlayer + 1;//Still safe to increment
        -:  365:  }
        -:  366:  else{
        2:  367:    state->whoseTurn = 0;//Max player has been reached, loop back around to player 1
        -:  368:  }
        -:  369:
        6:  370:  state->outpostPlayed = 0;
        6:  371:  state->phase = 0;
        6:  372:  state->numActions = 1;
        6:  373:  state->coins = 0;
        6:  374:  state->numBuys = 1;
        6:  375:  state->playedCardCount = 0;
        6:  376:  state->handCount[state->whoseTurn] = 0;
        -:  377:
        -:  378:  //int k; move to top
        -:  379:  //Next player draws hand
       36:  380:  for (k = 0; k < 5; k++){
branch  0 taken 83%
branch  1 taken 17% (fallthrough)
       30:  381:    drawCard(state->whoseTurn, state);//Draw a card
call    0 returned 100%
        -:  382:  }
        -:  383:
        -:  384:  //Update money
        6:  385:  updateCoins(state->whoseTurn, state , 0);
call    0 returned 100%
        -:  386:
        6:  387:  return 0;
        -:  388:}
        -:  389:
function isGameOver called 0 returned 0% blocks executed 0%
    #####:  390:int isGameOver(struct gameState *state) {
        -:  391:  int i;
        -:  392:  int j;
        -:  393:	
        -:  394:  //if stack of Province cards is empty, the game ends
    #####:  395:  if (state->supplyCount[province] == 0)
branch  0 never executed
branch  1 never executed
        -:  396:    {
    #####:  397:      return 1;
        -:  398:    }
        -:  399:
        -:  400:  //if three supply pile are at 0, the game ends
    #####:  401:  j = 0;
    #####:  402:  for (i = 0; i < 25; i++)
branch  0 never executed
branch  1 never executed
        -:  403:    {
    #####:  404:      if (state->supplyCount[i] == 0)
branch  0 never executed
branch  1 never executed
        -:  405:	{
    #####:  406:	  j++;
        -:  407:	}
        -:  408:    }
    #####:  409:  if ( j >= 3)
branch  0 never executed
branch  1 never executed
        -:  410:    {
    #####:  411:      return 1;
        -:  412:    }
        -:  413:
    #####:  414:  return 0;
        -:  415:}
        -:  416:
function scoreFor called 0 returned 0% blocks executed 0%
    #####:  417:int scoreFor (int player, struct gameState *state) {
        -:  418:
        -:  419:  int i;
    #####:  420:  int score = 0;
        -:  421:  //score from hand
    #####:  422:  for (i = 0; i < state->handCount[player]; i++)
branch  0 never executed
branch  1 never executed
        -:  423:    {
    #####:  424:      if (state->hand[player][i] == curse) { score = score - 1; };
branch  0 never executed
branch  1 never executed
    #####:  425:      if (state->hand[player][i] == estate) { score = score + 1; };
branch  0 never executed
branch  1 never executed
    #####:  426:      if (state->hand[player][i] == duchy) { score = score + 3; };
branch  0 never executed
branch  1 never executed
    #####:  427:      if (state->hand[player][i] == province) { score = score + 6; };
branch  0 never executed
branch  1 never executed
    #####:  428:      if (state->hand[player][i] == great_hall) { score = score + 1; };
branch  0 never executed
branch  1 never executed
    #####:  429:      if (state->hand[player][i] == gardens) { score = score + ( fullDeckCount(player, 0, state) / 10 ); };
branch  0 never executed
branch  1 never executed
call    2 never executed
        -:  430:    }
        -:  431:
        -:  432:  //score from discard
    #####:  433:  for (i = 0; i < state->discardCount[player]; i++)
branch  0 never executed
branch  1 never executed
        -:  434:    {
    #####:  435:      if (state->discard[player][i] == curse) { score = score - 1; };
branch  0 never executed
branch  1 never executed
    #####:  436:      if (state->discard[player][i] == estate) { score = score + 1; };
branch  0 never executed
branch  1 never executed
    #####:  437:      if (state->discard[player][i] == duchy) { score = score + 3; };
branch  0 never executed
branch  1 never executed
    #####:  438:      if (state->discard[player][i] == province) { score = score + 6; };
branch  0 never executed
branch  1 never executed
    #####:  439:      if (state->discard[player][i] == great_hall) { score = score + 1; };
branch  0 never executed
branch  1 never executed
    #####:  440:      if (state->discard[player][i] == gardens) { score = score + ( fullDeckCount(player, 0, state) / 10 ); };
branch  0 never executed
branch  1 never executed
call    2 never executed
        -:  441:    }
        -:  442:
        -:  443:  //score from deck
    #####:  444:  for (i = 0; i < state->discardCount[player]; i++)
branch  0 never executed
branch  1 never executed
        -:  445:    {
    #####:  446:      if (state->deck[player][i] == curse) { score = score - 1; };
branch  0 never executed
branch  1 never executed
    #####:  447:      if (state->deck[player][i] == estate) { score = score + 1; };
branch  0 never executed
branch  1 never executed
    #####:  448:      if (state->deck[player][i] == duchy) { score = score + 3; };
branch  0 never executed
branch  1 never executed
    #####:  449:      if (state->deck[player][i] == province) { score = score + 6; };
branch  0 never executed
branch  1 never executed
    #####:  450:      if (state->deck[player][i] == great_hall) { score = score + 1; };
branch  0 never executed
branch  1 never executed
    #####:  451:      if (state->deck[player][i] == gardens) { score = score + ( fullDeckCount(player, 0, state) / 10 ); };
branch  0 never executed
branch  1 never executed
call    2 never executed
        -:  452:    }
        -:  453:
    #####:  454:  return score;
        -:  455:}
        -:  456:
function getWinners called 0 returned 0% blocks executed 0%
    #####:  457:int getWinners(int players[MAX_PLAYERS], struct gameState *state) {
        -:  458:  int i;	
        -:  459:  int j;
        -:  460:  int highScore;
        -:  461:  int currentPlayer;
        -:  462:
        -:  463:  //get score for each player
    #####:  464:  for (i = 0; i < MAX_PLAYERS; i++)
branch  0 never executed
branch  1 never executed
        -:  465:    {
        -:  466:      //set unused player scores to -9999
    #####:  467:      if (i >= state->numPlayers)
branch  0 never executed
branch  1 never executed
        -:  468:	{
    #####:  469:	  players[i] = -9999;
        -:  470:	}
        -:  471:      else
        -:  472:	{
    #####:  473:	  players[i] = scoreFor (i, state);
call    0 never executed
        -:  474:	}
        -:  475:    }
        -:  476:
        -:  477:  //find highest score
    #####:  478:  j = 0;
    #####:  479:  for (i = 0; i < MAX_PLAYERS; i++)
branch  0 never executed
branch  1 never executed
        -:  480:    {
    #####:  481:      if (players[i] > players[j])
branch  0 never executed
branch  1 never executed
        -:  482:	{
    #####:  483:	  j = i;
        -:  484:	}
        -:  485:    }
    #####:  486:  highScore = players[j];
        -:  487:
        -:  488:  //add 1 to players who had less turns
    #####:  489:  currentPlayer = whoseTurn(state);
call    0 never executed
    #####:  490:  for (i = 0; i < MAX_PLAYERS; i++)
branch  0 never executed
branch  1 never executed
        -:  491:    {
    #####:  492:      if ( players[i] == highScore && i > currentPlayer )
branch  0 never executed
branch  1 never executed
branch  2 never executed
branch  3 never executed
        -:  493:	{
    #####:  494:	  players[i]++;
        -:  495:	}
        -:  496:    }
        -:  497:
        -:  498:  //find new highest score
    #####:  499:  j = 0;
    #####:  500:  for (i = 0; i < MAX_PLAYERS; i++)
branch  0 never executed
branch  1 never executed
        -:  501:    {
    #####:  502:      if ( players[i] > players[j] )
branch  0 never executed
branch  1 never executed
        -:  503:	{
    #####:  504:	  j = i;
        -:  505:	}
        -:  506:    }
    #####:  507:  highScore = players[j];
        -:  508:
        -:  509:  //set winners in array to 1 and rest to 0
    #####:  510:  for (i = 0; i < MAX_PLAYERS; i++)
branch  0 never executed
branch  1 never executed
        -:  511:    {
    #####:  512:      if ( players[i] == highScore )
branch  0 never executed
branch  1 never executed
        -:  513:	{
    #####:  514:	  players[i] = 1;
        -:  515:	}
        -:  516:      else
        -:  517:	{
    #####:  518:	  players[i] = 0;
        -:  519:	}
        -:  520:    }
        -:  521:
    #####:  522:  return 0;
        -:  523:}
        -:  524:
function drawCard called 85 returned 100% blocks executed 92%
       85:  525:int drawCard(int player, struct gameState *state)
        -:  526:{	int count;
        -:  527:  int deckCounter;
       85:  528:  if (state->deckCount[player] <= 0){//Deck is empty
branch  0 taken 1% (fallthrough)
branch  1 taken 99%
        -:  529:    
        -:  530:    //Step 1 Shuffle the discard pile back into a deck
        -:  531:    int i;
        -:  532:    //Move discard to deck
        6:  533:    for (i = 0; i < state->discardCount[player];i++){
branch  0 taken 83%
branch  1 taken 17% (fallthrough)
        5:  534:      state->deck[player][i] = state->discard[player][i];
        5:  535:      state->discard[player][i] = -1;
        -:  536:    }
        -:  537:
        1:  538:    state->deckCount[player] = state->discardCount[player];
        1:  539:    state->discardCount[player] = 0;//Reset discard
        -:  540:
        -:  541:    //Shufffle the deck
        1:  542:    shuffle(player, state);//Shuffle the deck up and make it so that we can draw
call    0 returned 100%
        -:  543:   
        -:  544:    if (DEBUG){//Debug statements
        -:  545:      printf("Deck count now: %d\n", state->deckCount[player]);
        -:  546:    }
        -:  547:    
        1:  548:    state->discardCount[player] = 0;
        -:  549:
        -:  550:    //Step 2 Draw Card
        1:  551:    count = state->handCount[player];//Get current player's hand count
        -:  552:    
        -:  553:    if (DEBUG){//Debug statements
        -:  554:      printf("Current hand count: %d\n", count);
        -:  555:    }
        -:  556:    
        1:  557:    deckCounter = state->deckCount[player];//Create a holder for the deck count
        -:  558:
        1:  559:    if (deckCounter == 0)
branch  0 taken 0% (fallthrough)
branch  1 taken 100%
    #####:  560:      return -1;
        -:  561:
        1:  562:    state->hand[player][count] = state->deck[player][deckCounter - 1];//Add card to hand
        1:  563:    state->deckCount[player]--;
        1:  564:    state->handCount[player]++;//Increment hand count
        -:  565:  }
        -:  566:
        -:  567:  else{
       84:  568:    int count = state->handCount[player];//Get current hand count for player
        -:  569:    int deckCounter;
        -:  570:    if (DEBUG){//Debug statements
        -:  571:      printf("Current hand count: %d\n", count);
        -:  572:    }
        -:  573:
       84:  574:    deckCounter = state->deckCount[player];//Create holder for the deck count
       84:  575:    state->hand[player][count] = state->deck[player][deckCounter - 1];//Add card to the hand
       84:  576:    state->deckCount[player]--;
       84:  577:    state->handCount[player]++;//Increment hand count
        -:  578:  }
        -:  579:
       85:  580:  return 0;
        -:  581:}
        -:  582:
function getCost called 0 returned 0% blocks executed 0%
    #####:  583:int getCost(int cardNumber)
        -:  584:{
    #####:  585:  switch( cardNumber ) 
branch  0 never executed
branch  1 never executed
branch  2 never executed
branch  3 never executed
branch  4 never executed
branch  5 never executed
branch  6 never executed
branch  7 never executed
branch  8 never executed
branch  9 never executed
branch 10 never executed
branch 11 never executed
branch 12 never executed
branch 13 never executed
branch 14 never executed
branch 15 never executed
branch 16 never executed
branch 17 never executed
branch 18 never executed
branch 19 never executed
branch 20 never executed
branch 21 never executed
branch 22 never executed
branch 23 never executed
branch 24 never executed
branch 25 never executed
branch 26 never executed
branch 27 never executed
        -:  586:    {
    #####:  587:    case curse:
    #####:  588:      return 0;
    #####:  589:    case estate:
    #####:  590:      return 2;
    #####:  591:    case duchy:
    #####:  592:      return 5;
    #####:  593:    case province:
    #####:  594:      return 8;
    #####:  595:    case copper:
    #####:  596:      return 0;
    #####:  597:    case silver:
    #####:  598:      return 3;
    #####:  599:    case gold:
    #####:  600:      return 6;
    #####:  601:    case adventurer:
    #####:  602:      return 6;
    #####:  603:    case council_room:
    #####:  604:      return 5;
    #####:  605:    case feast:
    #####:  606:      return 4;
    #####:  607:    case gardens:
    #####:  608:      return 4;
    #####:  609:    case mine:
    #####:  610:      return 5;
    #####:  611:    case remodel:
    #####:  612:      return 4;
    #####:  613:    case smithy:
    #####:  614:      return 4;
    #####:  615:    case village:
    #####:  616:      return 3;
    #####:  617:    case baron:
    #####:  618:      return 4;
    #####:  619:    case great_hall:
    #####:  620:      return 3;
    #####:  621:    case minion:
    #####:  622:      return 5;
    #####:  623:    case steward:
    #####:  624:      return 3;
    #####:  625:    case tribute:
    #####:  626:      return 5;
    #####:  627:    case ambassador:
    #####:  628:      return 3;
    #####:  629:    case cutpurse:
    #####:  630:      return 4;
    #####:  631:    case embargo: 
    #####:  632:      return 2;
    #####:  633:    case outpost:
    #####:  634:      return 5;
    #####:  635:    case salvager:
    #####:  636:      return 4;
    #####:  637:    case sea_hag:
    #####:  638:      return 4;
    #####:  639:    case treasure_map:
    #####:  640:      return 4;
        -:  641:    }
        -:  642:	
    #####:  643:  return -1;
        -:  644:}
        -:  645:
function smithyCardEffect called 4 returned 100% blocks executed 100%
        4:  646:void smithyCardEffect(struct gameState *state, int handPos, int currentPlayer){
        -:  647:      //+3 Cards
        -:  648:      int i;
       20:  649:      for (i = 0; i <= 3; i++)
branch  0 taken 80%
branch  1 taken 20% (fallthrough)
        -:  650:	{
       16:  651:	  drawCard(currentPlayer, state);
call    0 returned 100%
        -:  652:	}
        -:  653:			
        -:  654:      //discard card from hand
        4:  655:      discardCard(handPos, currentPlayer, state, 0);
call    0 returned 100%
        4:  656:}
        -:  657:
        -:  658:
function adventurerCardEffect called 4 returned 100% blocks executed 86%
        4:  659:void adventurerCardEffect(struct gameState *state, int handPos, int drawntreasure, int currentPlayer, int* temphand, int cardDrawn, int z){
        -:  660:	
       27:  661:      while(drawntreasure<2){
branch  0 taken 83%
branch  1 taken 17% (fallthrough)
       19:  662:	if (state->deckCount[currentPlayer] <1){//if the deck is empty we need to shuffle discard and add to deck
branch  0 taken 0% (fallthrough)
branch  1 taken 100%
    #####:  663:	  shuffle(currentPlayer, state);
call    0 never executed
        -:  664:	}
       19:  665:	drawCard(currentPlayer, state);
call    0 returned 100%
       19:  666:	cardDrawn = state->hand[currentPlayer][state->handCount[currentPlayer]-1];//top card of hand is most recently drawn card.
       19:  667:	if (cardDrawn == copper || cardDrawn == silver || cardDrawn == gold)
branch  0 taken 74% (fallthrough)
branch  1 taken 26%
branch  2 taken 93% (fallthrough)
branch  3 taken 7%
branch  4 taken 15% (fallthrough)
branch  5 taken 85%
        8:  668:	  drawntreasure++;
        -:  669:	else{
       11:  670:	  temphand[z]=cardDrawn;
       11:  671:	  state->handCount[currentPlayer]--; //this should just remove the top card (the most recently drawn one).
        -:  672:	}
        -:  673:      }
        8:  674:      while(z-1>=0){
branch  0 taken 0%
branch  1 taken 100% (fallthrough)
    #####:  675:	state->discard[currentPlayer][state->discardCount[currentPlayer]++]=temphand[z-1]; // discard all cards in play that have been drawn
    #####:  676:	z=z-1;
        -:  677:      }
        4:  678:}
        -:  679:
function villageCardEffect called 4 returned 100% blocks executed 100%
        4:  680:void villageCardEffect(struct gameState *state, int currentPlayer, int handPos){
        -:  681:      //+1 Card
        4:  682:      drawCard(currentPlayer, state);
call    0 returned 100%
        -:  683:			
        -:  684:      //+2 Actions
        4:  685:      state->numActions = state->numActions + 2;
        -:  686:			
        -:  687:      //discard played card from hand
        4:  688:      discardCard(currentPlayer, handPos, state, 0);
call    0 returned 100%
        4:  689:}
        -:  690:
function stewardCardEffect called 0 returned 0% blocks executed 0%
    #####:  691:void stewardCardEffect(int currentPlayer, int choice1, int choice2, int choice3, struct gameState *state, int handPos){
    #####:  692:      if (choice1 = 1)
        -:  693:	{
        -:  694:	  //+2 cards
    #####:  695:	  drawCard(currentPlayer, state);
call    0 never executed
    #####:  696:	  drawCard(currentPlayer, state);
call    0 never executed
        -:  697:	}
        -:  698:      else if (choice1 == 2)
        -:  699:	{
        -:  700:	  //+2 coins
        -:  701:	  state->coins = state->coins + 2;
        -:  702:	}
        -:  703:      else
        -:  704:	{
        -:  705:	  //trash 2 cards in hand
        -:  706:	  discardCard(choice2, currentPlayer, state, 1);
        -:  707:	  discardCard(choice3, currentPlayer, state, 1);
        -:  708:	}
        -:  709:			
        -:  710:      //discard card from hand
    #####:  711:      discardCard(handPos, currentPlayer, state, 0);
call    0 never executed
    #####:  712:}
        -:  713:
function greatHallCardEffects called 0 returned 0% blocks executed 0%
    #####:  714:void greatHallCardEffects(int currentPlayer, struct gameState *state, int handPos){
        -:  715:      //+1 Card
    #####:  716:      drawCard(currentPlayer, state);
call    0 never executed
        -:  717:			
        -:  718:      //+1 Actions
    #####:  719:      state->numActions++;
        -:  720:			
        -:  721:      //discard card from hand
    #####:  722:      discardCard(handPos, currentPlayer, state, 0);
call    0 never executed
        -:  723:
    #####:  724:}
        -:  725:
        -:  726:
        -:  727:
function cardEffect called 12 returned 100% blocks executed 5%
       12:  728:int cardEffect(int card, int choice1, int choice2, int choice3, struct gameState *state, int handPos, int *bonus)
        -:  729:{
        -:  730:  int i;
        -:  731:  int j;
        -:  732:  int k;
        -:  733:  int x;
        -:  734:  int index;
       12:  735:  int currentPlayer = whoseTurn(state);
call    0 returned 100%
       12:  736:  int nextPlayer = currentPlayer + 1;
        -:  737:
       12:  738:  int tributeRevealedCards[2] = {-1, -1};
        -:  739:  int temphand[MAX_HAND];// moved above the if statement
       12:  740:  int drawntreasure=0;
        -:  741:  int cardDrawn;
       12:  742:  int z = 0;// this is the counter for the temp hand
       12:  743:  if (nextPlayer > (state->numPlayers - 1)){
branch  0 taken 25% (fallthrough)
branch  1 taken 75%
        3:  744:    nextPlayer = 0;
        -:  745:  }
        -:  746:  
        -:  747:	
        -:  748:  //uses switch to select card and perform actions
       12:  749:  switch( card ) 
branch  0 taken 33%
branch  1 taken 0%
branch  2 taken 0%
branch  3 taken 0%
branch  4 taken 0%
branch  5 taken 0%
branch  6 taken 33%
branch  7 taken 33%
branch  8 taken 0%
branch  9 taken 0%
branch 10 taken 0%
branch 11 taken 0%
branch 12 taken 0%
branch 13 taken 0%
branch 14 taken 0%
branch 15 taken 0%
branch 16 taken 0%
branch 17 taken 0%
branch 18 taken 0%
branch 19 taken 0%
branch 20 taken 0%
        -:  750:    {
        4:  751:    case adventurer:
        4:  752:	adventurerCardEffect(state, handPos, drawntreasure, currentPlayer, temphand, cardDrawn, z);     
call    0 returned 100%
        4:  753:	return 0;
        -:  754:			
    #####:  755:    case council_room:
        -:  756:      //+4 Cards
    #####:  757:      for (i = 0; i < 4; i++)
branch  0 never executed
branch  1 never executed
        -:  758:	{
    #####:  759:	  drawCard(currentPlayer, state);
call    0 never executed
        -:  760:	}
        -:  761:			
        -:  762:      //+1 Buy
    #####:  763:      state->numBuys++;
        -:  764:			
        -:  765:      //Each other player draws a card
    #####:  766:      for (i = 0; i < state->numPlayers; i++)
branch  0 never executed
branch  1 never executed
        -:  767:	{
    #####:  768:	  if ( i != currentPlayer )
branch  0 never executed
branch  1 never executed
        -:  769:	    {
    #####:  770:	      drawCard(i, state);
call    0 never executed
        -:  771:	    }
        -:  772:	}
        -:  773:			
        -:  774:      //put played card in played card pile
    #####:  775:      discardCard(handPos, currentPlayer, state, 0);
call    0 never executed
        -:  776:			
    #####:  777:      return 0;
        -:  778:			
    #####:  779:    case feast:
        -:  780:      //gain card with cost up to 5
        -:  781:      //Backup hand
    #####:  782:      for (i = 0; i <= state->handCount[currentPlayer]; i++){
branch  0 never executed
branch  1 never executed
    #####:  783:	temphand[i] = state->hand[currentPlayer][i];//Backup card
    #####:  784:	state->hand[currentPlayer][i] = -1;//Set to nothing
        -:  785:      }
        -:  786:      //Backup hand
        -:  787:
        -:  788:      //Update Coins for Buy
    #####:  789:      updateCoins(currentPlayer, state, 5);
call    0 never executed
    #####:  790:      x = 1;//Condition to loop on
    #####:  791:      while( x == 1) {//Buy one card
branch  0 never executed
branch  1 never executed
    #####:  792:	if (supplyCount(choice1, state) <= 0){
call    0 never executed
branch  1 never executed
branch  2 never executed
        -:  793:	  if (DEBUG)
        -:  794:	    printf("None of that card left, sorry!\n");
        -:  795:
        -:  796:	  if (DEBUG){
        -:  797:	    printf("Cards Left: %d\n", supplyCount(choice1, state));
        -:  798:	  }
        -:  799:	}
    #####:  800:	else if (state->coins < getCost(choice1)){
call    0 never executed
branch  1 never executed
branch  2 never executed
    #####:  801:	  printf("That card is too expensive!\n");
call    0 never executed
        -:  802:
        -:  803:	  if (DEBUG){
        -:  804:	    printf("Coins: %d < %d\n", state->coins, getCost(choice1));
        -:  805:	  }
        -:  806:	}
        -:  807:	else{
        -:  808:
        -:  809:	  if (DEBUG){
        -:  810:	    printf("Deck Count: %d\n", state->handCount[currentPlayer] + state->deckCount[currentPlayer] + state->discardCount[currentPlayer]);
        -:  811:	  }
        -:  812:
    #####:  813:	  gainCard(choice1, state, 0, currentPlayer);//Gain the card
call    0 never executed
    #####:  814:	  x = 0;//No more buying cards
        -:  815:
        -:  816:	  if (DEBUG){
        -:  817:	    printf("Deck Count: %d\n", state->handCount[currentPlayer] + state->deckCount[currentPlayer] + state->discardCount[currentPlayer]);
        -:  818:	  }
        -:  819:
        -:  820:	}
        -:  821:      }     
        -:  822:
        -:  823:      //Reset Hand
    #####:  824:      for (i = 0; i <= state->handCount[currentPlayer]; i++){
branch  0 never executed
branch  1 never executed
    #####:  825:	state->hand[currentPlayer][i] = temphand[i];
    #####:  826:	temphand[i] = -1;
        -:  827:      }
        -:  828:      //Reset Hand
        -:  829:      			
    #####:  830:      return 0;
        -:  831:			
    #####:  832:    case gardens:
    #####:  833:      return -1;
        -:  834:			
    #####:  835:    case mine:
    #####:  836:      j = state->hand[currentPlayer][choice1];  //store card we will trash
        -:  837:
    #####:  838:      if (state->hand[currentPlayer][choice1] < copper || state->hand[currentPlayer][choice1] > gold)
branch  0 never executed
branch  1 never executed
branch  2 never executed
branch  3 never executed
        -:  839:	{
    #####:  840:	  return -1;
        -:  841:	}
        -:  842:		
    #####:  843:      if (choice2 > treasure_map || choice2 < curse)
branch  0 never executed
branch  1 never executed
branch  2 never executed
branch  3 never executed
        -:  844:	{
    #####:  845:	  return -1;
        -:  846:	}
        -:  847:
    #####:  848:      if ( (getCost(state->hand[currentPlayer][choice1]) + 3) > getCost(choice2) )
call    0 never executed
call    1 never executed
branch  2 never executed
branch  3 never executed
        -:  849:	{
    #####:  850:	  return -1;
        -:  851:	}
        -:  852:
    #####:  853:      gainCard(choice2, state, 2, currentPlayer);
call    0 never executed
        -:  854:
        -:  855:      //discard card from hand
    #####:  856:      discardCard(handPos, currentPlayer, state, 0);
call    0 never executed
        -:  857:
        -:  858:      //discard trashed card
    #####:  859:      for (i = 0; i < state->handCount[currentPlayer]; i++)
branch  0 never executed
branch  1 never executed
        -:  860:	{
    #####:  861:	  if (state->hand[currentPlayer][i] == j)
branch  0 never executed
branch  1 never executed
        -:  862:	    {
    #####:  863:	      discardCard(i, currentPlayer, state, 0);			
call    0 never executed
    #####:  864:	      break;
        -:  865:	    }
        -:  866:	}
        -:  867:			
    #####:  868:      return 0;
        -:  869:			
    #####:  870:    case remodel:
    #####:  871:      j = state->hand[currentPlayer][choice1];  //store card we will trash
        -:  872:
    #####:  873:      if ( (getCost(state->hand[currentPlayer][choice1]) + 2) > getCost(choice2) )
call    0 never executed
call    1 never executed
branch  2 never executed
branch  3 never executed
        -:  874:	{
    #####:  875:	  return -1;
        -:  876:	}
        -:  877:
    #####:  878:      gainCard(choice2, state, 0, currentPlayer);
call    0 never executed
        -:  879:
        -:  880:      //discard card from hand
    #####:  881:      discardCard(handPos, currentPlayer, state, 0);
call    0 never executed
        -:  882:
        -:  883:      //discard trashed card
    #####:  884:      for (i = 0; i < state->handCount[currentPlayer]; i++)
branch  0 never executed
branch  1 never executed
        -:  885:	{
    #####:  886:	  if (state->hand[currentPlayer][i] == j)
branch  0 never executed
branch  1 never executed
        -:  887:	    {
    #####:  888:	      discardCard(i, currentPlayer, state, 0);			
call    0 never executed
    #####:  889:	      break;
        -:  890:	    }
        -:  891:	}
        -:  892:
        -:  893:
    #####:  894:      return 0;
        -:  895:		
        4:  896:    case smithy:
        4:  897:      smithyCardEffect(state, handPos, currentPlayer);      
call    0 returned 100%
        4:  898:      return 0;
        -:  899:		
        4:  900:    case village:
        4:  901:      villageCardEffect(state, currentPlayer, handPos);
call    0 returned 100%
        4:  902:      return 0;
        -:  903:		
    #####:  904:    case baron:
    #####:  905:      state->numBuys++;//Increase buys by 1!
    #####:  906:      if (choice1 > 0){//Boolean true or going to discard an estate
branch  0 never executed
branch  1 never executed
    #####:  907:	int p = 0;//Iterator for hand!
    #####:  908:	int card_not_discarded = 1;//Flag for discard set!
    #####:  909:	while(card_not_discarded){
branch  0 never executed
branch  1 never executed
    #####:  910:	  if (state->hand[currentPlayer][p] == estate){//Found an estate card!
branch  0 never executed
branch  1 never executed
    #####:  911:	    state->coins += 4;//Add 4 coins to the amount of coins
    #####:  912:	    state->discard[currentPlayer][state->discardCount[currentPlayer]] = state->hand[currentPlayer][p];
    #####:  913:	    state->discardCount[currentPlayer]++;
    #####:  914:	    for (;p < state->handCount[currentPlayer]; p++){
branch  0 never executed
branch  1 never executed
    #####:  915:	      state->hand[currentPlayer][p] = state->hand[currentPlayer][p+1];
        -:  916:	    }
    #####:  917:	    state->hand[currentPlayer][state->handCount[currentPlayer]] = -1;
    #####:  918:	    state->handCount[currentPlayer]--;
    #####:  919:	    card_not_discarded = 0;//Exit the loop
        -:  920:	  }
    #####:  921:	  else if (p > state->handCount[currentPlayer]){
branch  0 never executed
branch  1 never executed
        -:  922:	    if(DEBUG) {
        -:  923:	      printf("No estate cards in your hand, invalid choice\n");
        -:  924:	      printf("Must gain an estate if there are any\n");
        -:  925:	    }
    #####:  926:	    if (supplyCount(estate, state) > 0){
call    0 never executed
branch  1 never executed
branch  2 never executed
    #####:  927:	      gainCard(estate, state, 0, currentPlayer);
call    0 never executed
    #####:  928:	      state->supplyCount[estate]--;//Decrement estates
    #####:  929:	      if (supplyCount(estate, state) == 0){
call    0 never executed
branch  1 never executed
branch  2 never executed
    #####:  930:		isGameOver(state);
call    0 never executed
        -:  931:	      }
        -:  932:	    }
    #####:  933:	    card_not_discarded = 0;//Exit the loop
        -:  934:	  }
        -:  935:			    
        -:  936:	  else{
    #####:  937:	    p++;//Next card
        -:  938:	  }
        -:  939:	}
        -:  940:      }
        -:  941:			    
        -:  942:      else{
    #####:  943:	if (supplyCount(estate, state) > 0){
call    0 never executed
branch  1 never executed
branch  2 never executed
    #####:  944:	  gainCard(estate, state, 0, currentPlayer);//Gain an estate
call    0 never executed
    #####:  945:	  state->supplyCount[estate]--;//Decrement Estates
    #####:  946:	  if (supplyCount(estate, state) == 0){
call    0 never executed
branch  1 never executed
branch  2 never executed
    #####:  947:	    isGameOver(state);
call    0 never executed
        -:  948:	  }
        -:  949:	}
        -:  950:      }
        -:  951:	    
        -:  952:      
    #####:  953:      return 0;
        -:  954:		
    #####:  955:    case great_hall:
    #####:  956:      greatHallCardEffects(currentPlayer, state, handPos);
call    0 never executed
    #####:  957:      return 0;
        -:  958:		
    #####:  959:    case minion:
        -:  960:      //+1 action
    #####:  961:      state->numActions++;
        -:  962:			
        -:  963:      //discard card from hand
    #####:  964:      discardCard(handPos, currentPlayer, state, 0);
call    0 never executed
        -:  965:			
    #####:  966:      if (choice1)		//+2 coins
branch  0 never executed
branch  1 never executed
        -:  967:	{
    #####:  968:	  state->coins = state->coins + 2;
        -:  969:	}
        -:  970:			
    #####:  971:      else if (choice2)		//discard hand, redraw 4, other players with 5+ cards discard hand and draw 4
branch  0 never executed
branch  1 never executed
        -:  972:	{
        -:  973:	  //discard hand
    #####:  974:	  while(numHandCards(state) > 0)
call    0 never executed
branch  1 never executed
branch  2 never executed
        -:  975:	    {
    #####:  976:	      discardCard(handPos, currentPlayer, state, 0);
call    0 never executed
        -:  977:	    }
        -:  978:				
        -:  979:	  //draw 4
    #####:  980:	  for (i = 0; i < 4; i++)
branch  0 never executed
branch  1 never executed
        -:  981:	    {
    #####:  982:	      drawCard(currentPlayer, state);
call    0 never executed
        -:  983:	    }
        -:  984:				
        -:  985:	  //other players discard hand and redraw if hand size > 4
    #####:  986:	  for (i = 0; i < state->numPlayers; i++)
branch  0 never executed
branch  1 never executed
        -:  987:	    {
    #####:  988:	      if (i != currentPlayer)
branch  0 never executed
branch  1 never executed
        -:  989:		{
    #####:  990:		  if ( state->handCount[i] > 4 )
branch  0 never executed
branch  1 never executed
        -:  991:		    {
        -:  992:		      //discard hand
    #####:  993:		      while( state->handCount[i] > 0 )
branch  0 never executed
branch  1 never executed
        -:  994:			{
    #####:  995:			  discardCard(handPos, i, state, 0);
call    0 never executed
        -:  996:			}
        -:  997:							
        -:  998:		      //draw 4
    #####:  999:		      for (j = 0; j < 4; j++)
branch  0 never executed
branch  1 never executed
        -: 1000:			{
    #####: 1001:			  drawCard(i, state);
call    0 never executed
        -: 1002:			}
        -: 1003:		    }
        -: 1004:		}
        -: 1005:	    }
        -: 1006:				
        -: 1007:	}
    #####: 1008:      return 0;
        -: 1009:		
    #####: 1010:    case steward:
    #####: 1011:        stewardCardEffect(currentPlayer, choice1, choice2, choice3, state, handPos);
call    0 never executed
    #####: 1012:	return 0;
        -: 1013:		
    #####: 1014:    case tribute:
    #####: 1015:      if ((state->discardCount[nextPlayer] + state->deckCount[nextPlayer]) <= 1){
branch  0 never executed
branch  1 never executed
    #####: 1016:	if (state->deckCount[nextPlayer] > 0){
branch  0 never executed
branch  1 never executed
    #####: 1017:	  tributeRevealedCards[0] = state->deck[nextPlayer][state->deckCount[nextPlayer]-1];
    #####: 1018:	  state->deckCount[nextPlayer]--;
        -: 1019:	}
    #####: 1020:	else if (state->discardCount[nextPlayer] > 0){
branch  0 never executed
branch  1 never executed
    #####: 1021:	  tributeRevealedCards[0] = state->discard[nextPlayer][state->discardCount[nextPlayer]-1];
    #####: 1022:	  state->discardCount[nextPlayer]--;
        -: 1023:	}
        -: 1024:	else{
        -: 1025:	  //No Card to Reveal
        -: 1026:	  if (DEBUG){
        -: 1027:	    printf("No cards to reveal\n");
        -: 1028:	  }
        -: 1029:	}
        -: 1030:      }
        -: 1031:	    
        -: 1032:      else{
    #####: 1033:	if (state->deckCount[nextPlayer] == 0){
branch  0 never executed
branch  1 never executed
    #####: 1034:	  for (i = 0; i < state->discardCount[nextPlayer]; i++){
branch  0 never executed
branch  1 never executed
    #####: 1035:	    state->deck[nextPlayer][i] = state->discard[nextPlayer][i];//Move to deck
    #####: 1036:	    state->deckCount[nextPlayer]++;
    #####: 1037:	    state->discard[nextPlayer][i] = -1;
    #####: 1038:	    state->discardCount[nextPlayer]--;
        -: 1039:	  }
        -: 1040:			    
    #####: 1041:	  shuffle(nextPlayer,state);//Shuffle the deck
call    0 never executed
        -: 1042:	} 
    #####: 1043:	tributeRevealedCards[0] = state->deck[nextPlayer][state->deckCount[nextPlayer]-1];
    #####: 1044:	state->deck[nextPlayer][state->deckCount[nextPlayer]--] = -1;
    #####: 1045:	state->deckCount[nextPlayer]--;
    #####: 1046:	tributeRevealedCards[1] = state->deck[nextPlayer][state->deckCount[nextPlayer]-1];
    #####: 1047:	state->deck[nextPlayer][state->deckCount[nextPlayer]--] = -1;
    #####: 1048:	state->deckCount[nextPlayer]--;
        -: 1049:      }    
        -: 1050:		       
    #####: 1051:      if (tributeRevealedCards[0] == tributeRevealedCards[1]){//If we have a duplicate card, just drop one 
branch  0 never executed
branch  1 never executed
    #####: 1052:	state->playedCards[state->playedCardCount] = tributeRevealedCards[1];
    #####: 1053:	state->playedCardCount++;
    #####: 1054:	tributeRevealedCards[1] = -1;
        -: 1055:      }
        -: 1056:
    #####: 1057:      for (i = 0; i <= 2; i ++){
branch  0 never executed
branch  1 never executed
    #####: 1058:	if (tributeRevealedCards[i] == copper || tributeRevealedCards[i] == silver || tributeRevealedCards[i] == gold){//Treasure cards
branch  0 never executed
branch  1 never executed
branch  2 never executed
branch  3 never executed
branch  4 never executed
branch  5 never executed
    #####: 1059:	  state->coins += 2;
        -: 1060:	}
        -: 1061:		    
    #####: 1062:	else if (tributeRevealedCards[i] == estate || tributeRevealedCards[i] == duchy || tributeRevealedCards[i] == province || tributeRevealedCards[i] == gardens || tributeRevealedCards[i] == great_hall){//Victory Card Found
branch  0 never executed
branch  1 never executed
branch  2 never executed
branch  3 never executed
branch  4 never executed
branch  5 never executed
branch  6 never executed
branch  7 never executed
branch  8 never executed
branch  9 never executed
    #####: 1063:	  drawCard(currentPlayer, state);
call    0 never executed
    #####: 1064:	  drawCard(currentPlayer, state);
call    0 never executed
        -: 1065:	}
        -: 1066:	else{//Action Card
    #####: 1067:	  state->numActions = state->numActions + 2;
        -: 1068:	}
        -: 1069:      }
        -: 1070:	    
    #####: 1071:      return 0;
        -: 1072:		
    #####: 1073:    case ambassador:
    #####: 1074:      j = 0;		//used to check if player has enough cards to discard
        -: 1075:
    #####: 1076:      if (choice2 > 2 || choice2 < 0)
branch  0 never executed
branch  1 never executed
branch  2 never executed
branch  3 never executed
        -: 1077:	{
    #####: 1078:	  return -1;				
        -: 1079:	}
        -: 1080:
    #####: 1081:      if (choice1 == handPos)
branch  0 never executed
branch  1 never executed
        -: 1082:	{
    #####: 1083:	  return -1;
        -: 1084:	}
        -: 1085:
    #####: 1086:      for (i = 0; i < state->handCount[currentPlayer]; i++)
branch  0 never executed
branch  1 never executed
        -: 1087:	{
    #####: 1088:	  if (i != handPos && i == state->hand[currentPlayer][choice1] && i != choice1)
branch  0 never executed
branch  1 never executed
branch  2 never executed
branch  3 never executed
branch  4 never executed
branch  5 never executed
        -: 1089:	    {
    #####: 1090:	      j++;
        -: 1091:	    }
        -: 1092:	}
    #####: 1093:      if (j < choice2)
branch  0 never executed
branch  1 never executed
        -: 1094:	{
    #####: 1095:	  return -1;				
        -: 1096:	}
        -: 1097:
        -: 1098:      if (DEBUG) 
        -: 1099:	printf("Player %d reveals card number: %d\n", currentPlayer, state->hand[currentPlayer][choice1]);
        -: 1100:
        -: 1101:      //increase supply count for choosen card by amount being discarded
    #####: 1102:      state->supplyCount[state->hand[currentPlayer][choice1]] += choice2;
        -: 1103:			
        -: 1104:      //each other player gains a copy of revealed card
    #####: 1105:      for (i = 0; i < state->numPlayers; i++)
branch  0 never executed
branch  1 never executed
        -: 1106:	{
    #####: 1107:	  if (i != currentPlayer)
branch  0 never executed
branch  1 never executed
        -: 1108:	    {
    #####: 1109:	      gainCard(state->hand[currentPlayer][choice1], state, 0, i);
call    0 never executed
        -: 1110:	    }
        -: 1111:	}
        -: 1112:
        -: 1113:      //discard played card from hand
    #####: 1114:      discardCard(handPos, currentPlayer, state, 0);			
call    0 never executed
        -: 1115:
        -: 1116:      //trash copies of cards returned to supply
    #####: 1117:      for (j = 0; j < choice2; j++)
branch  0 never executed
branch  1 never executed
        -: 1118:	{
    #####: 1119:	  for (i = 0; i < state->handCount[currentPlayer]; i++)
branch  0 never executed
branch  1 never executed
        -: 1120:	    {
    #####: 1121:	      if (state->hand[currentPlayer][i] == state->hand[currentPlayer][choice1])
branch  0 never executed
branch  1 never executed
        -: 1122:		{
    #####: 1123:		  discardCard(i, currentPlayer, state, 1);
call    0 never executed
    #####: 1124:		  break;
        -: 1125:		}
        -: 1126:	    }
        -: 1127:	}			
        -: 1128:
    #####: 1129:      return 0;
        -: 1130:		
    #####: 1131:    case cutpurse:
        -: 1132:
    #####: 1133:      updateCoins(currentPlayer, state, 2);
call    0 never executed
    #####: 1134:      for (i = 0; i < state->numPlayers; i++)
branch  0 never executed
branch  1 never executed
        -: 1135:	{
    #####: 1136:	  if (i != currentPlayer)
branch  0 never executed
branch  1 never executed
        -: 1137:	    {
    #####: 1138:	      for (j = 0; j < state->handCount[i]; j++)
branch  0 never executed
branch  1 never executed
        -: 1139:		{
    #####: 1140:		  if (state->hand[i][j] == copper)
branch  0 never executed
branch  1 never executed
        -: 1141:		    {
    #####: 1142:		      discardCard(j, i, state, 0);
call    0 never executed
    #####: 1143:		      break;
        -: 1144:		    }
    #####: 1145:		  if (j == state->handCount[i])
branch  0 never executed
branch  1 never executed
        -: 1146:		    {
    #####: 1147:		      for (k = 0; k < state->handCount[i]; k++)
branch  0 never executed
branch  1 never executed
        -: 1148:			{
        -: 1149:			  if (DEBUG)
        -: 1150:			    printf("Player %d reveals card number %d\n", i, state->hand[i][k]);
        -: 1151:			}	
    #####: 1152:		      break;
        -: 1153:		    }		
        -: 1154:		}
        -: 1155:					
        -: 1156:	    }
        -: 1157:				
        -: 1158:	}				
        -: 1159:
        -: 1160:      //discard played card from hand
    #####: 1161:      discardCard(handPos, currentPlayer, state, 0);			
call    0 never executed
        -: 1162:
    #####: 1163:      return 0;
        -: 1164:
        -: 1165:		
    #####: 1166:    case embargo: 
        -: 1167:      //+2 Coins
    #####: 1168:      state->coins = state->coins + 2;
        -: 1169:			
        -: 1170:      //see if selected pile is in play
    #####: 1171:      if ( state->supplyCount[choice1] == -1 )
branch  0 never executed
branch  1 never executed
        -: 1172:	{
    #####: 1173:	  return -1;
        -: 1174:	}
        -: 1175:			
        -: 1176:      //add embargo token to selected supply pile
    #####: 1177:      state->embargoTokens[choice1]++;
        -: 1178:			
        -: 1179:      //trash card
    #####: 1180:      discardCard(handPos, currentPlayer, state, 1);		
call    0 never executed
    #####: 1181:      return 0;
        -: 1182:		
    #####: 1183:    case outpost:
        -: 1184:      //set outpost flag
    #####: 1185:      state->outpostPlayed++;
        -: 1186:			
        -: 1187:      //discard card
    #####: 1188:      discardCard(handPos, currentPlayer, state, 0);
call    0 never executed
    #####: 1189:      return 0;
        -: 1190:		
    #####: 1191:    case salvager:
        -: 1192:      //+1 buy
    #####: 1193:      state->numBuys++;
        -: 1194:			
    #####: 1195:      if (choice1)
branch  0 never executed
branch  1 never executed
        -: 1196:	{
        -: 1197:	  //gain coins equal to trashed card
    #####: 1198:	  state->coins = state->coins + getCost( handCard(choice1, state) );
call    0 never executed
call    1 never executed
        -: 1199:	  //trash card
    #####: 1200:	  discardCard(choice1, currentPlayer, state, 1);	
call    0 never executed
        -: 1201:	}
        -: 1202:			
        -: 1203:      //discard card
    #####: 1204:      discardCard(handPos, currentPlayer, state, 0);
call    0 never executed
    #####: 1205:      return 0;
        -: 1206:		
    #####: 1207:    case sea_hag:
    #####: 1208:      for (i = 0; i < state->numPlayers; i++){
branch  0 never executed
branch  1 never executed
    #####: 1209:	if (i != currentPlayer){
branch  0 never executed
branch  1 never executed
    #####: 1210:	  state->discard[i][state->discardCount[i]] = state->deck[i][state->deckCount[i]--];			    state->deckCount[i]--;
    #####: 1211:	  state->discardCount[i]++;
    #####: 1212:	  state->deck[i][state->deckCount[i]--] = curse;//Top card now a curse
        -: 1213:	}
        -: 1214:      }
    #####: 1215:      return 0;
        -: 1216:		
    #####: 1217:    case treasure_map:
        -: 1218:      //search hand for another treasure_map
    #####: 1219:      index = -1;
    #####: 1220:      for (i = 0; i < state->handCount[currentPlayer]; i++)
branch  0 never executed
branch  1 never executed
        -: 1221:	{
    #####: 1222:	  if (state->hand[currentPlayer][i] == treasure_map && i != handPos)
branch  0 never executed
branch  1 never executed
branch  2 never executed
branch  3 never executed
        -: 1223:	    {
    #####: 1224:	      index = i;
    #####: 1225:	      break;
        -: 1226:	    }
        -: 1227:	}
    #####: 1228:      if (index > -1)
branch  0 never executed
branch  1 never executed
        -: 1229:	{
        -: 1230:	  //trash both treasure cards
    #####: 1231:	  discardCard(handPos, currentPlayer, state, 1);
call    0 never executed
    #####: 1232:	  discardCard(index, currentPlayer, state, 1);
call    0 never executed
        -: 1233:
        -: 1234:	  //gain 4 Gold cards
    #####: 1235:	  for (i = 0; i < 4; i++)
branch  0 never executed
branch  1 never executed
        -: 1236:	    {
    #####: 1237:	      gainCard(gold, state, 1, currentPlayer);
call    0 never executed
        -: 1238:	    }
        -: 1239:				
        -: 1240:	  //return success
    #####: 1241:	  return 1;
        -: 1242:	}
        -: 1243:			
        -: 1244:      //no second treasure_map found in hand
    #####: 1245:      return -1;
        -: 1246:    }
        -: 1247:	
    #####: 1248:  return -1;
        -: 1249:}
        -: 1250:
function discardCard called 8 returned 100% blocks executed 78%
        8: 1251:int discardCard(int handPos, int currentPlayer, struct gameState *state, int trashFlag)
        -: 1252:{
        -: 1253:	
        -: 1254:  //if card is not trashed, added to Played pile 
        8: 1255:  if (trashFlag < 1)
branch  0 taken 100% (fallthrough)
branch  1 taken 0%
        -: 1256:    {
        -: 1257:      //add card to played pile
        8: 1258:      state->playedCards[state->playedCardCount] = state->hand[currentPlayer][handPos]; 
        8: 1259:      state->playedCardCount++;
        -: 1260:    }
        -: 1261:	
        -: 1262:  //set played card to -1
        8: 1263:  state->hand[currentPlayer][handPos] = -1;
        -: 1264:	
        -: 1265:  //remove card from player's hand
        8: 1266:  if ( handPos == (state->handCount[currentPlayer] - 1) ) 	//last card in hand array is played
branch  0 taken 0% (fallthrough)
branch  1 taken 100%
        -: 1267:    {
        -: 1268:      //reduce number of cards in hand
    #####: 1269:      state->handCount[currentPlayer]--;
        -: 1270:    }
        8: 1271:  else if ( state->handCount[currentPlayer] == 1 ) //only one card in hand
branch  0 taken 0% (fallthrough)
branch  1 taken 100%
        -: 1272:    {
        -: 1273:      //reduce number of cards in hand
    #####: 1274:      state->handCount[currentPlayer]--;
        -: 1275:    }
        -: 1276:  else 	
        -: 1277:    {
        -: 1278:      //replace discarded card with last card in hand
        8: 1279:      state->hand[currentPlayer][handPos] = state->hand[currentPlayer][ (state->handCount[currentPlayer] - 1)];
        -: 1280:      //set last card to -1
        8: 1281:      state->hand[currentPlayer][state->handCount[currentPlayer] - 1] = -1;
        -: 1282:      //reduce number of cards in hand
        8: 1283:      state->handCount[currentPlayer]--;
        -: 1284:    }
        -: 1285:	
        8: 1286:  return 0;
        -: 1287:}
        -: 1288:
function gainCard called 0 returned 0% blocks executed 0%
    #####: 1289:int gainCard(int supplyPos, struct gameState *state, int toFlag, int player)
        -: 1290:{
        -: 1291:  //Note: supplyPos is enum of choosen card
        -: 1292:	
        -: 1293:  //check if supply pile is empty (0) or card is not used in game (-1)
    #####: 1294:  if ( supplyCount(supplyPos, state) < 1 )
call    0 never executed
branch  1 never executed
branch  2 never executed
        -: 1295:    {
    #####: 1296:      return -1;
        -: 1297:    }
        -: 1298:	
        -: 1299:  //added card for [whoseTurn] current player:
        -: 1300:  // toFlag = 0 : add to discard
        -: 1301:  // toFlag = 1 : add to deck
        -: 1302:  // toFlag = 2 : add to hand
        -: 1303:
    #####: 1304:  if (toFlag == 1)
branch  0 never executed
branch  1 never executed
        -: 1305:    {
    #####: 1306:      state->deck[ player ][ state->deckCount[player] ] = supplyPos;
    #####: 1307:      state->deckCount[player]++;
        -: 1308:    }
    #####: 1309:  else if (toFlag == 2)
branch  0 never executed
branch  1 never executed
        -: 1310:    {
    #####: 1311:      state->hand[ player ][ state->handCount[player] ] = supplyPos;
    #####: 1312:      state->handCount[player]++;
        -: 1313:    }
        -: 1314:  else
        -: 1315:    {
    #####: 1316:      state->discard[player][ state->discardCount[player] ] = supplyPos;
    #####: 1317:      state->discardCount[player]++;
        -: 1318:    }
        -: 1319:	
        -: 1320:  //decrease number in supply pile
    #####: 1321:  state->supplyCount[supplyPos]--;
        -: 1322:	 
    #####: 1323:  return 0;
        -: 1324:}
        -: 1325:
function updateCoins called 9 returned 100% blocks executed 82%
        9: 1326:int updateCoins(int player, struct gameState *state, int bonus)
        -: 1327:{
        -: 1328:  int i;
        -: 1329:	
        -: 1330:  //reset coin count
        9: 1331:  state->coins = 0;
        -: 1332:
        -: 1333:  //add coins for each Treasure card in player's hand
       54: 1334:  for (i = 0; i < state->handCount[player]; i++)
branch  0 taken 83%
branch  1 taken 17% (fallthrough)
        -: 1335:    {
       45: 1336:      if (state->hand[player][i] == copper)
branch  0 taken 67% (fallthrough)
branch  1 taken 33%
        -: 1337:	{
       30: 1338:	  state->coins += 1;
        -: 1339:	}
       15: 1340:      else if (state->hand[player][i] == silver)
branch  0 taken 0% (fallthrough)
branch  1 taken 100%
        -: 1341:	{
    #####: 1342:	  state->coins += 2;
        -: 1343:	}
       15: 1344:      else if (state->hand[player][i] == gold)
branch  0 taken 0% (fallthrough)
branch  1 taken 100%
        -: 1345:	{
    #####: 1346:	  state->coins += 3;
        -: 1347:	}	
        -: 1348:    }	
        -: 1349:
        -: 1350:  //add bonus
        9: 1351:  state->coins += bonus;
        -: 1352:
        9: 1353:  return 0;
        -: 1354:}
        -: 1355:
        -: 1356:
        -: 1357://end of dominion.c
        -: 1358:
